<?xml version="1.0" encoding="UTF-8"?>
<testng-results skipped="0" failed="0" ignored="0" total="1" passed="1">
  <reporter-output>
  </reporter-output>
  <suite name="Default suite" duration-ms="33454" started-at="2023-12-23T10:00:13Z" finished-at="2023-12-23T10:00:46Z">
    <groups>
    </groups>
    <test name="Default test" duration-ms="33454" started-at="2023-12-23T10:00:13Z" finished-at="2023-12-23T10:00:46Z">
      <class name="testcases.UpdateProfileTest">
        <test-method status="PASS" signature="login()[pri:0, instance:testcases.UpdateProfileTest@58651fd0]" name="login" duration-ms="33409" started-at="2023-12-23T10:00:13Z" finished-at="2023-12-23T10:00:46Z">
          <reporter-output>
          </reporter-output>
        </test-method> <!-- login -->
      </class> <!-- testcases.UpdateProfileTest -->
    </test> <!-- Default test -->
  </suite> <!-- Default suite -->
</testng-results>
